[debug] [2024-09-14T09:40:51.859Z] ----------------------------------------------------------------------
[debug] [2024-09-14T09:40:51.861Z] Command:       /opt/homebrew/Cellar/node/22.7.0/bin/node /opt/homebrew/bin/firebase init
[debug] [2024-09-14T09:40:51.861Z] CLI Version:   13.17.0
[debug] [2024-09-14T09:40:51.861Z] Platform:      darwin
[debug] [2024-09-14T09:40:51.861Z] Node Version:  v22.7.0
[debug] [2024-09-14T09:40:51.861Z] Time:          Sat Sep 14 2024 15:10:51 GMT+0530 (India Standard Time)
[debug] [2024-09-14T09:40:51.861Z] ----------------------------------------------------------------------
[debug] 
[debug] [2024-09-14T09:40:51.865Z] > command requires scopes: ["email","openid","https://www.googleapis.com/auth/cloudplatformprojects.readonly","https://www.googleapis.com/auth/firebase","https://www.googleapis.com/auth/cloud-platform"]
[debug] [2024-09-14T09:40:51.865Z] > authorizing via signed-in user (therogersak@gmail.com)
[info] 
     ######## #### ########  ######## ########     ###     ######  ########
     ##        ##  ##     ## ##       ##     ##  ##   ##  ##       ##
     ######    ##  ########  ######   ########  #########  ######  ######
     ##        ##  ##    ##  ##       ##     ## ##     ##       ## ##
     ##       #### ##     ## ######## ########  ##     ##  ######  ########

You're about to initialize a Firebase project in this directory:

  /Users/ankityadav/Developer/NukuCode/Frontend/React/linkedin-clone

[info] 
=== Project Setup
[info] 
[info] First, let's associate this project directory with a Firebase project.
[info] You can create multiple project aliases by running firebase use --add, 
[info] but for now we'll just set up a default project.
[info] 
[debug] [2024-09-14T09:41:02.871Z] > refreshing access token with scopes: []
[debug] [2024-09-14T09:41:02.873Z] >>> [apiv2][query] POST https://www.googleapis.com/oauth2/v3/token [none]
[debug] [2024-09-14T09:41:02.873Z] >>> [apiv2][body] POST https://www.googleapis.com/oauth2/v3/token [omitted]
[debug] [2024-09-14T09:41:03.191Z] <<< [apiv2][status] POST https://www.googleapis.com/oauth2/v3/token 200
[debug] [2024-09-14T09:41:03.191Z] <<< [apiv2][body] POST https://www.googleapis.com/oauth2/v3/token [omitted]
[debug] [2024-09-14T09:41:03.200Z] >>> [apiv2][query] GET https://firebase.googleapis.com/v1beta1/projects pageSize=100
[debug] [2024-09-14T09:41:04.005Z] <<< [apiv2][status] GET https://firebase.googleapis.com/v1beta1/projects 200
[debug] [2024-09-14T09:41:04.005Z] <<< [apiv2][body] GET https://firebase.googleapis.com/v1beta1/projects [omitted]
[info] i  Using project linkedin-clone-13d61 (linkedin-clone) 
[info] 
=== Hosting Setup
[debug] [2024-09-14T09:41:12.008Z] >>> [apiv2][query] GET https://firebase.googleapis.com/v1beta1/projects/linkedin-clone-13d61 [none]
[debug] [2024-09-14T09:41:12.589Z] <<< [apiv2][status] GET https://firebase.googleapis.com/v1beta1/projects/linkedin-clone-13d61 200
[debug] [2024-09-14T09:41:12.589Z] <<< [apiv2][body] GET https://firebase.googleapis.com/v1beta1/projects/linkedin-clone-13d61 {"projectId":"linkedin-clone-13d61","projectNumber":"975504829692","displayName":"linkedin-clone","name":"projects/linkedin-clone-13d61","resources":{"hostingSite":"linkedin-clone-13d61"},"state":"ACTIVE","etag":"1_20284233-4d26-4810-bcd7-33bf953ce2df"}
[info] 
[info] Your public directory is the folder (relative to your project directory) that
[info] will contain Hosting assets to be uploaded with firebase deploy. If you
[info] have a build process for your assets, use your build's output directory.
[info] 
[debug] [2024-09-14T09:41:24.015Z] >>> [apiv2][query] GET https://www.gstatic.com/firebasejs/releases.json [none]
[debug] [2024-09-14T09:41:25.213Z] <<< [apiv2][status] GET https://www.gstatic.com/firebasejs/releases.json 200
[debug] [2024-09-14T09:41:25.214Z] <<< [apiv2][body] GET https://www.gstatic.com/firebasejs/releases.json {"current":{"version":"10.13.1","browserURL":"https://www.gstatic.com/firebasejs/10.13.1/firebase.js","packageURL":"https://www.gstatic.com/firebasejs/10.13.1/firebase.tgz"},"live":{"version":"10.13","browserURL":"https://www.gstatic.com/firebasejs/live/10.13/firebase.js","packageURL":"https://www.gstatic.com/firebasejs/live/10.13/firebase.tgz"},"components":{"analytics":"https://www.gstatic.com/firebasejs/10.13.1/firebase-analytics.js","app":"https://www.gstatic.com/firebasejs/10.13.1/firebase-app.js","app-check":"https://www.gstatic.com/firebasejs/10.13.1/firebase-app-check.js","auth":"https://www.gstatic.com/firebasejs/10.13.1/firebase-auth.js","auth/cordova":"https://www.gstatic.com/firebasejs/10.13.1/firebase-auth/cordova.js","auth/web-extension":"https://www.gstatic.com/firebasejs/10.13.1/firebase-auth/web-extension.js","functions":"https://www.gstatic.com/firebasejs/10.13.1/firebase-functions.js","firestore":"https://www.gstatic.com/firebasejs/10.13.1/firebase-firestore.js","firestore/lite":"https://www.gstatic.com/firebasejs/10.13.1/firebase-firestore/lite.js","installations":"https://www.gstatic.com/firebasejs/10.13.1/firebase-installations.js","storage":"https://www.gstatic.com/firebasejs/10.13.1/firebase-storage.js","performance":"https://www.gstatic.com/firebasejs/10.13.1/firebase-performance.js","remote-config":"https://www.gstatic.com/firebasejs/10.13.1/firebase-remote-config.js","messaging":"https://www.gstatic.com/firebasejs/10.13.1/firebase-messaging.js","messaging/sw":"https://www.gstatic.com/firebasejs/10.13.1/firebase-messaging/sw.js","database":"https://www.gstatic.com/firebasejs/10.13.1/firebase-database.js","vertexai-preview":"https://www.gstatic.com/firebasejs/10.13.1/firebase-vertexai-preview.js","firestore.memory":"https://www.gstatic.com/firebasejs/10.13.1/firebase-firestore.memory.js"}}
[info] âœ”  Wrote build/index.html 
[info] 
[info] i  Detected a .git folder at /Users/ankityadav/Developer/NukuCode/Frontend/React/linkedin-clone 
[info] i  Authorizing with GitHub to upload your service account to a GitHub repository's secrets store. 
[info] 
[info] Visit this URL on this device to log in:
[info] https://github.com/login/oauth/authorize?client_id=89cf50f02ac6aaed3484&state=250462099&redirect_uri=http%3A%2F%2Flocalhost%3A9005&scope=read%3Auser%20repo%20public_repo
[info] 
[info] Waiting for authentication...
[debug] [2024-09-14T09:41:38.947Z] >>> [apiv2][query] POST https://github.com/login/oauth/access_token [none]
[debug] [2024-09-14T09:41:38.948Z] >>> [apiv2][body] POST https://github.com/login/oauth/access_token [stream]
[debug] [2024-09-14T09:41:39.408Z] <<< [apiv2][status] POST https://github.com/login/oauth/access_token 200
[debug] [2024-09-14T09:41:39.409Z] <<< [apiv2][body] POST https://github.com/login/oauth/access_token {"access_token":"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","token_type":"bearer","scope":"read:user,repo"}
[debug] [2024-09-14T09:41:39.415Z] >>> [apiv2][query] GET https://api.github.com/user [none]
[debug] [2024-09-14T09:41:39.951Z] <<< [apiv2][status] GET https://api.github.com/user 200
[debug] [2024-09-14T09:41:39.951Z] <<< [apiv2][body] GET https://api.github.com/user {"login":"nukucode","id":79178437,"node_id":"MDQ6VXNlcjc5MTc4NDM3","avatar_url":"https://avatars.githubusercontent.com/u/79178437?v=4","gravatar_id":"","url":"https://api.github.com/users/nukucode","html_url":"https://github.com/nukucode","followers_url":"https://api.github.com/users/nukucode/followers","following_url":"https://api.github.com/users/nukucode/following{/other_user}","gists_url":"https://api.github.com/users/nukucode/gists{/gist_id}","starred_url":"https://api.github.com/users/nukucode/starred{/owner}{/repo}","subscriptions_url":"https://api.github.com/users/nukucode/subscriptions","organizations_url":"https://api.github.com/users/nukucode/orgs","repos_url":"https://api.github.com/users/nukucode/repos","events_url":"https://api.github.com/users/nukucode/events{/privacy}","received_events_url":"https://api.github.com/users/nukucode/received_events","type":"User","site_admin":false,"name":"Ankit Yadav","company":null,"blog":"http://raoankit.vercel.app/","location":"India","email":"therogersak@gmail.com","hireable":null,"bio":"ðŸ¤ Nah, I'd Win","twitter_username":"nukucode","notification_email":"therogersak@gmail.com","public_repos":8,"public_gists":0,"followers":16,"following":3,"created_at":"2021-02-17T01:11:29Z","updated_at":"2024-09-11T14:45:58Z","private_gists":3,"total_private_repos":0,"owned_private_repos":0,"disk_usage":97681,"collaborators":0,"two_factor_authentication":true,"plan":{"name":"free","space":976562499,"collaborators":0,"private_repos":10000}}
[info] 
[info] âœ”  Success! Logged into GitHub as nukucode 
[info] 
[debug] [2024-09-14T09:42:01.938Z] >>> [apiv2][query] GET https://api.github.com/repos/linkedin-clone/actions/secrets/public-key type=owner
[debug] [2024-09-14T09:42:02.376Z] <<< [apiv2][status] GET https://api.github.com/repos/linkedin-clone/actions/secrets/public-key 404
[debug] [2024-09-14T09:42:02.376Z] <<< [apiv2][body] GET https://api.github.com/repos/linkedin-clone/actions/secrets/public-key {"message":"Not Found","documentation_url":"https://docs.github.com/rest","status":"404"}
[info] 
[info] 
[error] âš   The provided authorization cannot be used with this repository. If this repository is in an organization, did you remember to grant access? 
[info] 
[info] i  Action required: Visit this URL to ensure access has been granted to the appropriate organization(s) for the Firebase CLI GitHub OAuth App: 
[info] https://github.com/settings/connections/applications/89cf50f02ac6aaed3484
[info] 
[debug] [2024-09-14T09:42:11.224Z] >>> [apiv2][query] GET https://api.github.com/repos/linkedin-clone/actions/secrets/public-key type=owner
[debug] [2024-09-14T09:42:11.695Z] <<< [apiv2][status] GET https://api.github.com/repos/linkedin-clone/actions/secrets/public-key 404
[debug] [2024-09-14T09:42:11.695Z] <<< [apiv2][body] GET https://api.github.com/repos/linkedin-clone/actions/secrets/public-key {"message":"Not Found","documentation_url":"https://docs.github.com/rest","status":"404"}
[info] 
[info] 
[error] âš   The provided authorization cannot be used with this repository. If this repository is in an organization, did you remember to grant access? 
[info] 
[info] i  Action required: Visit this URL to ensure access has been granted to the appropriate organization(s) for the Firebase CLI GitHub OAuth App: 
[info] https://github.com/settings/connections/applications/89cf50f02ac6aaed3484
[info] 
[debug] [2024-09-14T09:42:56.871Z] >>> [apiv2][query] GET https://api.github.com/repos/linkedin-clone/actions/secrets/public-key type=owner
[debug] [2024-09-14T09:42:57.370Z] <<< [apiv2][status] GET https://api.github.com/repos/linkedin-clone/actions/secrets/public-key 404
[debug] [2024-09-14T09:42:57.371Z] <<< [apiv2][body] GET https://api.github.com/repos/linkedin-clone/actions/secrets/public-key {"message":"Not Found","documentation_url":"https://docs.github.com/rest","status":"404"}
[info] 
[info] 
[error] âš   The provided authorization cannot be used with this repository. If this repository is in an organization, did you remember to grant access? 
[info] 
[info] i  Action required: Visit this URL to ensure access has been granted to the appropriate organization(s) for the Firebase CLI GitHub OAuth App: 
[info] https://github.com/settings/connections/applications/89cf50f02ac6aaed3484
[info] 
[debug] [2024-09-14T09:42:58.822Z] >>> [apiv2][query] GET https://api.github.com/repos/linkedin-clone/actions/secrets/public-key type=owner
[debug] [2024-09-14T09:42:59.113Z] <<< [apiv2][status] GET https://api.github.com/repos/linkedin-clone/actions/secrets/public-key 404
[debug] [2024-09-14T09:42:59.113Z] <<< [apiv2][body] GET https://api.github.com/repos/linkedin-clone/actions/secrets/public-key {"message":"Not Found","documentation_url":"https://docs.github.com/rest","status":"404"}
[info] 
[info] 
[error] âš   The provided authorization cannot be used with this repository. If this repository is in an organization, did you remember to grant access? 
[info] 
[info] i  Action required: Visit this URL to ensure access has been granted to the appropriate organization(s) for the Firebase CLI GitHub OAuth App: 
[info] https://github.com/settings/connections/applications/89cf50f02ac6aaed3484
[info] 
